<?xml version="1.0" encoding="UTF-8"?>
<testsuites>
  <testsuite name="" tests="6" assertions="17" failures="0" errors="0" time="0.212013">
    <testsuite name="Kite\OhMyEmma\EmmaTest" file="/Users/Kite/work/OhMyEmma/Tests/Kite/OhMyEmma/EmmaTest.php" namespace="Kite\OhMyEmma" fullPackage="Kite.OhMyEmma" tests="3" assertions="6" failures="0" errors="0" time="0.015543">
      <testcase name="testConstructWithNoInterface" class="Kite\OhMyEmma\EmmaTest" file="/Users/Kite/work/OhMyEmma/Tests/Kite/OhMyEmma/EmmaTest.php" line="34" assertions="2" time="0.008221"/>
      <testcase name="testConstruct" class="Kite\OhMyEmma\EmmaTest" file="/Users/Kite/work/OhMyEmma/Tests/Kite/OhMyEmma/EmmaTest.php" line="47" assertions="2" time="0.003825"/>
      <testcase name="testBuild" class="Kite\OhMyEmma\EmmaTest" file="/Users/Kite/work/OhMyEmma/Tests/Kite/OhMyEmma/EmmaTest.php" line="65" assertions="2" time="0.003497"/>
    </testsuite>
    <testsuite name="Kite\OhMyEmma\RequestTest" file="/Users/Kite/work/OhMyEmma/Tests/Kite/OhMyEmma/RequestTest.php" namespace="Kite\OhMyEmma" fullPackage="Kite.OhMyEmma" tests="3" assertions="11" failures="0" errors="0" time="0.196470">
      <testcase name="testConstruct" class="Kite\OhMyEmma\RequestTest" file="/Users/Kite/work/OhMyEmma/Tests/Kite/OhMyEmma/RequestTest.php" line="35" assertions="3" time="0.004106"/>
      <testcase name="testMakeRequest" class="Kite\OhMyEmma\RequestTest" file="/Users/Kite/work/OhMyEmma/Tests/Kite/OhMyEmma/RequestTest.php" line="51" assertions="3" time="0.095288"/>
      <testcase name="testPostMakeRequest" class="Kite\OhMyEmma\RequestTest" file="/Users/Kite/work/OhMyEmma/Tests/Kite/OhMyEmma/RequestTest.php" line="68" assertions="5" time="0.097076"/>
    </testsuite>
  </testsuite>
</testsuites>
